[debug] [2024-10-14T17:17:42.814Z] ----------------------------------------------------------------------
[debug] [2024-10-14T17:17:42.818Z] Command:       C:\Program Files\nodejs\node.exe C:\Users\sistemas02\AppData\Roaming\npm\node_modules\firebase-tools\lib\bin\firebase.js init
[debug] [2024-10-14T17:17:42.818Z] CLI Version:   13.19.0
[debug] [2024-10-14T17:17:42.818Z] Platform:      win32
[debug] [2024-10-14T17:17:42.818Z] Node Version:  v20.17.0
[debug] [2024-10-14T17:17:42.819Z] Time:          Mon Oct 14 2024 10:17:42 GMT-0700 (hora de verano del Pacífico)
[debug] [2024-10-14T17:17:42.819Z] ----------------------------------------------------------------------
[debug] 
[debug] [2024-10-14T17:17:42.823Z] >>> [apiv2][query] GET https://firebase-public.firebaseio.com/cli.json [none]
[debug] [2024-10-14T17:17:42.906Z] > command requires scopes: ["email","openid","https://www.googleapis.com/auth/cloudplatformprojects.readonly","https://www.googleapis.com/auth/firebase","https://www.googleapis.com/auth/cloud-platform"]
[debug] [2024-10-14T17:17:42.906Z] > authorizing via signed-in user (juanerpgr@gmail.com)
[info] 
     ######## #### ########  ######## ########     ###     ######  ########
     ##        ##  ##     ## ##       ##     ##  ##   ##  ##       ##
     ######    ##  ########  ######   ########  #########  ######  ######
     ##        ##  ##    ##  ##       ##     ## ##     ##       ## ##
     ##       #### ##     ## ######## ########  ##     ##  ######  ########

You're about to initialize a Firebase project in this directory:

  C:\Users\sistemas02\Desktop\mercado-liz-admin

[debug] [2024-10-14T17:17:43.253Z] <<< [apiv2][status] GET https://firebase-public.firebaseio.com/cli.json 200
[debug] [2024-10-14T17:17:43.255Z] <<< [apiv2][body] GET https://firebase-public.firebaseio.com/cli.json {"cloudBuildErrorAfter":1594252800000,"cloudBuildWarnAfter":1590019200000,"defaultNode10After":1594252800000,"minVersion":"3.0.5","node8DeploysDisabledAfter":1613390400000,"node8RuntimeDisabledAfter":1615809600000,"node8WarnAfter":1600128000000}
[info] 
=== Project Setup
[info] 
[info] First, let's associate this project directory with a Firebase project.
[info] You can create multiple project aliases by running firebase use --add, 
[info] but for now we'll just set up a default project.
[info] 
[debug] [2024-10-14T17:17:52.125Z] > refreshing access token with scopes: []
[debug] [2024-10-14T17:17:52.126Z] >>> [apiv2][query] POST https://www.googleapis.com/oauth2/v3/token [none]
[debug] [2024-10-14T17:17:52.127Z] >>> [apiv2][body] POST https://www.googleapis.com/oauth2/v3/token [omitted]
[debug] [2024-10-14T17:17:52.389Z] <<< [apiv2][status] POST https://www.googleapis.com/oauth2/v3/token 200
[debug] [2024-10-14T17:17:52.389Z] <<< [apiv2][body] POST https://www.googleapis.com/oauth2/v3/token [omitted]
[debug] [2024-10-14T17:17:52.399Z] >>> [apiv2][query] GET https://firebase.googleapis.com/v1beta1/projects pageSize=100
[debug] [2024-10-14T17:17:52.835Z] <<< [apiv2][status] GET https://firebase.googleapis.com/v1beta1/projects 200
[debug] [2024-10-14T17:17:52.835Z] <<< [apiv2][body] GET https://firebase.googleapis.com/v1beta1/projects [omitted]
[info] i  Using project administracion-mercados-liz (administracion-mercados-liz) 
[info] 
=== Hosting Setup
[debug] [2024-10-14T17:17:54.473Z] >>> [apiv2][query] GET https://firebase.googleapis.com/v1beta1/projects/administracion-mercados-liz [none]
[debug] [2024-10-14T17:17:54.777Z] <<< [apiv2][status] GET https://firebase.googleapis.com/v1beta1/projects/administracion-mercados-liz 200
[debug] [2024-10-14T17:17:54.778Z] <<< [apiv2][body] GET https://firebase.googleapis.com/v1beta1/projects/administracion-mercados-liz {"projectId":"administracion-mercados-liz","projectNumber":"180563057582","displayName":"administracion-mercados-liz","name":"projects/administracion-mercados-liz","resources":{"hostingSite":"administracion-mercados-liz"},"state":"ACTIVE","etag":"1_7e9ef59b-ef1f-49c9-afe1-0c6b33cc958c"}
[info] 
[info] Your public directory is the folder (relative to your project directory) that
[info] will contain Hosting assets to be uploaded with firebase deploy. If you
[info] have a build process for your assets, use your build's output directory.
[info] 
